<?xml version="1.0" encoding="UTF-8"?>
<testsuite name="games.game2048.TestMoveValues" tests="6" skipped="0" failures="0" errors="0" timestamp="2021-05-14T09:53:26" hostname="MacBook-Pro-Dmitrij.local" time="0.044">
  <properties/>
  <testcase name="testSimpleMove" classname="games.game2048.TestMoveValues" time="0.028"/>
  <testcase name="testSeveralMoves" classname="games.game2048.TestMoveValues" time="0.003"/>
  <testcase name="testMerge" classname="games.game2048.TestMoveValues" time="0.003"/>
  <testcase name="testMovesInSomeRows" classname="games.game2048.TestMoveValues" time="0.002"/>
  <testcase name="testMoveAndMerge" classname="games.game2048.TestMoveValues" time="0.002"/>
  <testcase name="testNoMove" classname="games.game2048.TestMoveValues" time="0.002"/>
  <system-out><![CDATA[]]></system-out>
  <system-err><![CDATA[]]></system-err>
</testsuite>
